2026-04-15 17:13:21,345 | INFO | Starting: Building Spark Session
2026-04-15 17:13:22,524 | INFO | Completed: Building Spark Session
2026-04-15 17:13:22,524 | INFO | Starting: Reading /opt/data/olist_orders_dataset.csv File
2026-04-15 17:13:34,314 | INFO | Completed: Reading /opt/data/olist_orders_dataset.csv File
2026-04-15 17:13:34,314 | INFO | Starting: Reading /opt/data/olist_order_items_dataset.csv File
2026-04-15 17:13:34,939 | INFO | Completed: Reading /opt/data/olist_order_items_dataset.csv File
2026-04-15 17:13:34,940 | INFO | Starting: Reading /opt/data/olist_customers_dataset.csv File
2026-04-15 17:13:35,607 | INFO | Completed: Reading /opt/data/olist_customers_dataset.csv File
2026-04-15 17:13:35,609 | INFO | Starting: Reading /opt/data/olist_order_payments_dataset.csv File
2026-04-15 17:13:36,127 | INFO | Completed: Reading /opt/data/olist_order_payments_dataset.csv File
2026-04-15 17:13:36,129 | INFO | Starting: Reading /opt/data/olist_order_reviews_dataset.csv File
2026-04-15 17:13:36,782 | INFO | Completed: Reading /opt/data/olist_order_reviews_dataset.csv File
2026-04-15 17:13:36,783 | INFO | Starting: Reading /opt/data/olist_products_dataset.csv File
2026-04-15 17:13:37,862 | INFO | Completed: Reading /opt/data/olist_products_dataset.csv File
2026-04-15 17:13:38,009 | INFO | Starting: Selecting required columns from dataframes
2026-04-15 17:13:38,111 | INFO | Completed: Selecting required columns from dataframes
2026-04-15 17:13:38,141 | INFO | Starting: Data Cleaning , Droping Nulls and Duplicates
2026-04-15 17:13:38,250 | INFO | Completed: Data Cleaning , Droping Nulls and Duplicates
2026-04-15 17:13:38,271 | INFO | Starting: Data Enrichment (JOINS)
2026-04-15 17:13:38,377 | INFO | Completed: Data Enrichment (JOINS)
2026-04-15 17:13:38,377 | INFO | Starting: Feature Engineering
2026-04-15 17:13:38,492 | INFO | Completed: Feature Engineering
2026-04-15 17:13:38,493 | INFO | Starting: Order-level aggregation 
2026-04-15 17:13:38,629 | INFO | Completed: Order-level aggregation 
2026-04-15 17:13:38,629 | INFO | Starting: Calculating Fact table
2026-04-15 17:13:38,675 | INFO | Completed: Calculating Fact table
2026-04-15 17:13:38,676 | INFO | Starting: Calculating Customer analytics
2026-04-15 17:13:38,709 | INFO | Completed: Calculating Customer analytics
2026-04-15 17:13:38,709 | INFO | Starting: Calculating Product performance
2026-04-15 17:13:38,743 | INFO | Completed: Calculating Product performance
2026-04-15 17:13:38,744 | INFO | Starting: Calculating Delivery performance
2026-04-15 17:13:38,781 | INFO | Completed: Calculating Delivery performance
2026-04-15 17:13:38,782 | INFO | Starting: Calculating Review insights
2026-04-15 17:13:38,828 | INFO | Completed: Calculating Review insights
2026-04-15 17:13:38,829 | INFO | Starting: Calculating Payment analytics
2026-04-15 17:13:38,887 | INFO | Completed: Calculating Payment analytics
2026-04-15 17:13:38,888 | INFO | Starting: Calculating Order payment breakdown
2026-04-15 17:13:38,904 | INFO | Completed: Calculating Order payment breakdown
2026-04-15 17:13:38,905 | INFO | Starting: Calculating Product category performance
2026-04-15 17:13:38,936 | INFO | Completed: Calculating Product category performance
2026-04-15 17:13:38,937 | INFO | Starting: Calculating Seller performance
2026-04-15 17:13:38,964 | INFO | Completed: Calculating Seller performance
2026-04-15 17:13:38,965 | INFO | Starting: Calculating Shipping cost analysis
2026-04-15 17:13:39,003 | INFO | Completed: Calculating Shipping cost analysis
2026-04-15 17:13:39,003 | INFO | Starting: Calculating Order fulfillment analysis
2026-04-15 17:13:39,018 | INFO | Completed: Calculating Order fulfillment analysis
2026-04-15 17:13:39,018 | INFO | Starting: Writing fact_sales_daily to MySQL
2026-04-15 17:13:39,080 | ERROR | Failed: Writing fact_sales_daily to MySQL | Error: An error occurred while calling o322.jdbc.
: java.lang.ClassNotFoundException: com.mysql.cj.jdbc.Driver
	at java.base/java.net.URLClassLoader.findClass(URLClassLoader.java:445)
	at java.base/java.lang.ClassLoader.loadClass(ClassLoader.java:592)
	at java.base/java.lang.ClassLoader.loadClass(ClassLoader.java:525)
	at org.apache.spark.sql.execution.datasources.jdbc.DriverRegistry$.register(DriverRegistry.scala:46)
	at org.apache.spark.sql.execution.datasources.jdbc.JDBCOptions.$anonfun$driverClass$1(JDBCOptions.scala:103)
	at org.apache.spark.sql.execution.datasources.jdbc.JDBCOptions.$anonfun$driverClass$1$adapted(JDBCOptions.scala:103)
	at scala.Option.foreach(Option.scala:407)
	at org.apache.spark.sql.execution.datasources.jdbc.JDBCOptions.<init>(JDBCOptions.scala:103)
	at org.apache.spark.sql.execution.datasources.jdbc.JdbcOptionsInWrite.<init>(JDBCOptions.scala:246)
	at org.apache.spark.sql.execution.datasources.jdbc.JdbcOptionsInWrite.<init>(JDBCOptions.scala:250)
	at org.apache.spark.sql.execution.datasources.jdbc.JdbcRelationProvider.createRelation(JdbcRelationProvider.scala:47)
	at org.apache.spark.sql.execution.datasources.SaveIntoDataSourceCommand.run(SaveIntoDataSourceCommand.scala:48)
	at org.apache.spark.sql.execution.command.ExecutedCommandExec.sideEffectResult$lzycompute(commands.scala:75)
	at org.apache.spark.sql.execution.command.ExecutedCommandExec.sideEffectResult(commands.scala:73)
	at org.apache.spark.sql.execution.command.ExecutedCommandExec.executeCollect(commands.scala:84)
	at org.apache.spark.sql.execution.QueryExecution$$anonfun$eagerlyExecuteCommands$1.$anonfun$applyOrElse$1(QueryExecution.scala:107)
	at org.apache.spark.sql.execution.SQLExecution$.$anonfun$withNewExecutionId$6(SQLExecution.scala:125)
	at org.apache.spark.sql.execution.SQLExecution$.withSQLConfPropagated(SQLExecution.scala:201)
	at org.apache.spark.sql.execution.SQLExecution$.$anonfun$withNewExecutionId$1(SQLExecution.scala:108)
	at org.apache.spark.sql.SparkSession.withActive(SparkSession.scala:900)
	at org.apache.spark.sql.execution.SQLExecution$.withNewExecutionId(SQLExecution.scala:66)
	at org.apache.spark.sql.execution.QueryExecution$$anonfun$eagerlyExecuteCommands$1.applyOrElse(QueryExecution.scala:107)
	at org.apache.spark.sql.execution.QueryExecution$$anonfun$eagerlyExecuteCommands$1.applyOrElse(QueryExecution.scala:98)
	at org.apache.spark.sql.catalyst.trees.TreeNode.$anonfun$transformDownWithPruning$1(TreeNode.scala:461)
	at org.apache.spark.sql.catalyst.trees.CurrentOrigin$.withOrigin(origin.scala:76)
	at org.apache.spark.sql.catalyst.trees.TreeNode.transformDownWithPruning(TreeNode.scala:461)
	at org.apache.spark.sql.catalyst.plans.logical.LogicalPlan.org$apache$spark$sql$catalyst$plans$logical$AnalysisHelper$$super$transformDownWithPruning(LogicalPlan.scala:32)
	at org.apache.spark.sql.catalyst.plans.logical.AnalysisHelper.transformDownWithPruning(AnalysisHelper.scala:267)
	at org.apache.spark.sql.catalyst.plans.logical.AnalysisHelper.transformDownWithPruning$(AnalysisHelper.scala:263)
	at org.apache.spark.sql.catalyst.plans.logical.LogicalPlan.transformDownWithPruning(LogicalPlan.scala:32)
	at org.apache.spark.sql.catalyst.plans.logical.LogicalPlan.transformDownWithPruning(LogicalPlan.scala:32)
	at org.apache.spark.sql.catalyst.trees.TreeNode.transformDown(TreeNode.scala:437)
	at org.apache.spark.sql.execution.QueryExecution.eagerlyExecuteCommands(QueryExecution.scala:98)
	at org.apache.spark.sql.execution.QueryExecution.commandExecuted$lzycompute(QueryExecution.scala:85)
	at org.apache.spark.sql.execution.QueryExecution.commandExecuted(QueryExecution.scala:83)
	at org.apache.spark.sql.execution.QueryExecution.assertCommandExecuted(QueryExecution.scala:142)
	at org.apache.spark.sql.DataFrameWriter.runCommand(DataFrameWriter.scala:859)
	at org.apache.spark.sql.DataFrameWriter.saveToV1Source(DataFrameWriter.scala:388)
	at org.apache.spark.sql.DataFrameWriter.saveInternal(DataFrameWriter.scala:361)
	at org.apache.spark.sql.DataFrameWriter.save(DataFrameWriter.scala:248)
	at org.apache.spark.sql.DataFrameWriter.jdbc(DataFrameWriter.scala:756)
	at java.base/jdk.internal.reflect.NativeMethodAccessorImpl.invoke0(Native Method)
	at java.base/jdk.internal.reflect.NativeMethodAccessorImpl.invoke(NativeMethodAccessorImpl.java:77)
	at java.base/jdk.internal.reflect.DelegatingMethodAccessorImpl.invoke(DelegatingMethodAccessorImpl.java:43)
	at java.base/java.lang.reflect.Method.invoke(Method.java:569)
	at py4j.reflection.MethodInvoker.invoke(MethodInvoker.java:244)
	at py4j.reflection.ReflectionEngine.invoke(ReflectionEngine.java:374)
	at py4j.Gateway.invoke(Gateway.java:282)
	at py4j.commands.AbstractCommand.invokeMethod(AbstractCommand.java:132)
	at py4j.commands.CallCommand.execute(CallCommand.java:79)
	at py4j.ClientServerConnection.waitForCommands(ClientServerConnection.java:182)
	at py4j.ClientServerConnection.run(ClientServerConnection.java:106)
	at java.base/java.lang.Thread.run(Thread.java:840)

2026-04-15 17:19:20,506 | INFO | Starting: Building Spark Session
2026-04-15 17:19:21,568 | INFO | Completed: Building Spark Session
2026-04-15 17:19:21,573 | INFO | Starting: Reading /opt/data/olist_orders_dataset.csv File
2026-04-15 17:19:27,214 | INFO | Completed: Reading /opt/data/olist_orders_dataset.csv File
2026-04-15 17:19:27,215 | INFO | Starting: Reading /opt/data/olist_order_items_dataset.csv File
2026-04-15 17:19:27,951 | INFO | Completed: Reading /opt/data/olist_order_items_dataset.csv File
2026-04-15 17:19:27,952 | INFO | Starting: Reading /opt/data/olist_customers_dataset.csv File
2026-04-15 17:19:28,597 | INFO | Completed: Reading /opt/data/olist_customers_dataset.csv File
2026-04-15 17:19:28,598 | INFO | Starting: Reading /opt/data/olist_order_payments_dataset.csv File
2026-04-15 17:19:29,131 | INFO | Completed: Reading /opt/data/olist_order_payments_dataset.csv File
2026-04-15 17:19:29,131 | INFO | Starting: Reading /opt/data/olist_order_reviews_dataset.csv File
2026-04-15 17:19:29,707 | INFO | Completed: Reading /opt/data/olist_order_reviews_dataset.csv File
2026-04-15 17:19:29,708 | INFO | Starting: Reading /opt/data/olist_products_dataset.csv File
2026-04-15 17:19:30,184 | INFO | Completed: Reading /opt/data/olist_products_dataset.csv File
2026-04-15 17:19:30,185 | INFO | Starting: Selecting required columns from dataframes
2026-04-15 17:19:30,258 | INFO | Completed: Selecting required columns from dataframes
2026-04-15 17:19:30,259 | INFO | Starting: Data Cleaning , Droping Nulls and Duplicates
2026-04-15 17:19:30,331 | INFO | Completed: Data Cleaning , Droping Nulls and Duplicates
2026-04-15 17:19:30,332 | INFO | Starting: Data Enrichment (JOINS)
2026-04-15 17:19:30,428 | INFO | Completed: Data Enrichment (JOINS)
2026-04-15 17:19:30,428 | INFO | Starting: Feature Engineering
2026-04-15 17:19:30,514 | INFO | Completed: Feature Engineering
2026-04-15 17:19:30,516 | INFO | Starting: Order-level aggregation 
2026-04-15 17:19:30,623 | INFO | Completed: Order-level aggregation 
2026-04-15 17:19:30,625 | INFO | Starting: Calculating Fact table
2026-04-15 17:19:30,663 | INFO | Completed: Calculating Fact table
2026-04-15 17:19:30,664 | INFO | Starting: Calculating Customer analytics
2026-04-15 17:19:30,688 | INFO | Completed: Calculating Customer analytics
2026-04-15 17:19:30,689 | INFO | Starting: Calculating Product performance
2026-04-15 17:19:30,720 | INFO | Completed: Calculating Product performance
2026-04-15 17:19:30,720 | INFO | Starting: Calculating Delivery performance
2026-04-15 17:19:30,755 | INFO | Completed: Calculating Delivery performance
2026-04-15 17:19:30,756 | INFO | Starting: Calculating Review insights
2026-04-15 17:19:30,791 | INFO | Completed: Calculating Review insights
2026-04-15 17:19:30,797 | INFO | Starting: Calculating Payment analytics
2026-04-15 17:19:30,846 | INFO | Completed: Calculating Payment analytics
2026-04-15 17:19:30,847 | INFO | Starting: Calculating Order payment breakdown
2026-04-15 17:19:30,860 | INFO | Completed: Calculating Order payment breakdown
2026-04-15 17:19:30,863 | INFO | Starting: Calculating Product category performance
2026-04-15 17:19:30,898 | INFO | Completed: Calculating Product category performance
2026-04-15 17:19:30,898 | INFO | Starting: Calculating Seller performance
2026-04-15 17:19:30,937 | INFO | Completed: Calculating Seller performance
2026-04-15 17:19:30,938 | INFO | Starting: Calculating Shipping cost analysis
2026-04-15 17:19:30,994 | INFO | Completed: Calculating Shipping cost analysis
2026-04-15 17:19:30,995 | INFO | Starting: Calculating Order fulfillment analysis
2026-04-15 17:19:31,011 | INFO | Completed: Calculating Order fulfillment analysis
2026-04-15 17:19:31,012 | INFO | Starting: Writing fact_sales_daily to MySQL
2026-04-15 17:19:31,078 | ERROR | Failed: Writing fact_sales_daily to MySQL | Error: An error occurred while calling o324.jdbc.
: java.lang.ClassNotFoundException: com.mysql.cj.jdbc.Driver
	at java.base/java.net.URLClassLoader.findClass(URLClassLoader.java:445)
	at java.base/java.lang.ClassLoader.loadClass(ClassLoader.java:592)
	at java.base/java.lang.ClassLoader.loadClass(ClassLoader.java:525)
	at org.apache.spark.sql.execution.datasources.jdbc.DriverRegistry$.register(DriverRegistry.scala:46)
	at org.apache.spark.sql.execution.datasources.jdbc.JDBCOptions.$anonfun$driverClass$1(JDBCOptions.scala:103)
	at org.apache.spark.sql.execution.datasources.jdbc.JDBCOptions.$anonfun$driverClass$1$adapted(JDBCOptions.scala:103)
	at scala.Option.foreach(Option.scala:407)
	at org.apache.spark.sql.execution.datasources.jdbc.JDBCOptions.<init>(JDBCOptions.scala:103)
	at org.apache.spark.sql.execution.datasources.jdbc.JdbcOptionsInWrite.<init>(JDBCOptions.scala:246)
	at org.apache.spark.sql.execution.datasources.jdbc.JdbcOptionsInWrite.<init>(JDBCOptions.scala:250)
	at org.apache.spark.sql.execution.datasources.jdbc.JdbcRelationProvider.createRelation(JdbcRelationProvider.scala:47)
	at org.apache.spark.sql.execution.datasources.SaveIntoDataSourceCommand.run(SaveIntoDataSourceCommand.scala:48)
	at org.apache.spark.sql.execution.command.ExecutedCommandExec.sideEffectResult$lzycompute(commands.scala:75)
	at org.apache.spark.sql.execution.command.ExecutedCommandExec.sideEffectResult(commands.scala:73)
	at org.apache.spark.sql.execution.command.ExecutedCommandExec.executeCollect(commands.scala:84)
	at org.apache.spark.sql.execution.QueryExecution$$anonfun$eagerlyExecuteCommands$1.$anonfun$applyOrElse$1(QueryExecution.scala:107)
	at org.apache.spark.sql.execution.SQLExecution$.$anonfun$withNewExecutionId$6(SQLExecution.scala:125)
	at org.apache.spark.sql.execution.SQLExecution$.withSQLConfPropagated(SQLExecution.scala:201)
	at org.apache.spark.sql.execution.SQLExecution$.$anonfun$withNewExecutionId$1(SQLExecution.scala:108)
	at org.apache.spark.sql.SparkSession.withActive(SparkSession.scala:900)
	at org.apache.spark.sql.execution.SQLExecution$.withNewExecutionId(SQLExecution.scala:66)
	at org.apache.spark.sql.execution.QueryExecution$$anonfun$eagerlyExecuteCommands$1.applyOrElse(QueryExecution.scala:107)
	at org.apache.spark.sql.execution.QueryExecution$$anonfun$eagerlyExecuteCommands$1.applyOrElse(QueryExecution.scala:98)
	at org.apache.spark.sql.catalyst.trees.TreeNode.$anonfun$transformDownWithPruning$1(TreeNode.scala:461)
	at org.apache.spark.sql.catalyst.trees.CurrentOrigin$.withOrigin(origin.scala:76)
	at org.apache.spark.sql.catalyst.trees.TreeNode.transformDownWithPruning(TreeNode.scala:461)
	at org.apache.spark.sql.catalyst.plans.logical.LogicalPlan.org$apache$spark$sql$catalyst$plans$logical$AnalysisHelper$$super$transformDownWithPruning(LogicalPlan.scala:32)
	at org.apache.spark.sql.catalyst.plans.logical.AnalysisHelper.transformDownWithPruning(AnalysisHelper.scala:267)
	at org.apache.spark.sql.catalyst.plans.logical.AnalysisHelper.transformDownWithPruning$(AnalysisHelper.scala:263)
	at org.apache.spark.sql.catalyst.plans.logical.LogicalPlan.transformDownWithPruning(LogicalPlan.scala:32)
	at org.apache.spark.sql.catalyst.plans.logical.LogicalPlan.transformDownWithPruning(LogicalPlan.scala:32)
	at org.apache.spark.sql.catalyst.trees.TreeNode.transformDown(TreeNode.scala:437)
	at org.apache.spark.sql.execution.QueryExecution.eagerlyExecuteCommands(QueryExecution.scala:98)
	at org.apache.spark.sql.execution.QueryExecution.commandExecuted$lzycompute(QueryExecution.scala:85)
	at org.apache.spark.sql.execution.QueryExecution.commandExecuted(QueryExecution.scala:83)
	at org.apache.spark.sql.execution.QueryExecution.assertCommandExecuted(QueryExecution.scala:142)
	at org.apache.spark.sql.DataFrameWriter.runCommand(DataFrameWriter.scala:859)
	at org.apache.spark.sql.DataFrameWriter.saveToV1Source(DataFrameWriter.scala:388)
	at org.apache.spark.sql.DataFrameWriter.saveInternal(DataFrameWriter.scala:361)
	at org.apache.spark.sql.DataFrameWriter.save(DataFrameWriter.scala:248)
	at org.apache.spark.sql.DataFrameWriter.jdbc(DataFrameWriter.scala:756)
	at java.base/jdk.internal.reflect.NativeMethodAccessorImpl.invoke0(Native Method)
	at java.base/jdk.internal.reflect.NativeMethodAccessorImpl.invoke(NativeMethodAccessorImpl.java:77)
	at java.base/jdk.internal.reflect.DelegatingMethodAccessorImpl.invoke(DelegatingMethodAccessorImpl.java:43)
	at java.base/java.lang.reflect.Method.invoke(Method.java:569)
	at py4j.reflection.MethodInvoker.invoke(MethodInvoker.java:244)
	at py4j.reflection.ReflectionEngine.invoke(ReflectionEngine.java:374)
	at py4j.Gateway.invoke(Gateway.java:282)
	at py4j.commands.AbstractCommand.invokeMethod(AbstractCommand.java:132)
	at py4j.commands.CallCommand.execute(CallCommand.java:79)
	at py4j.ClientServerConnection.waitForCommands(ClientServerConnection.java:182)
	at py4j.ClientServerConnection.run(ClientServerConnection.java:106)
	at java.base/java.lang.Thread.run(Thread.java:840)

2026-04-15 17:29:28,742 | INFO | Starting: Building Spark Session
2026-04-15 17:29:32,928 | INFO | Completed: Building Spark Session
2026-04-15 17:29:32,928 | INFO | Starting: Reading /opt/data/olist_orders_dataset.csv File
2026-04-15 17:29:38,428 | INFO | Completed: Reading /opt/data/olist_orders_dataset.csv File
2026-04-15 17:29:38,429 | INFO | Starting: Reading /opt/data/olist_order_items_dataset.csv File
2026-04-15 17:29:39,037 | INFO | Completed: Reading /opt/data/olist_order_items_dataset.csv File
2026-04-15 17:29:39,038 | INFO | Starting: Reading /opt/data/olist_customers_dataset.csv File
2026-04-15 17:29:39,644 | INFO | Completed: Reading /opt/data/olist_customers_dataset.csv File
2026-04-15 17:29:39,644 | INFO | Starting: Reading /opt/data/olist_order_payments_dataset.csv File
2026-04-15 17:29:40,212 | INFO | Completed: Reading /opt/data/olist_order_payments_dataset.csv File
2026-04-15 17:29:40,213 | INFO | Starting: Reading /opt/data/olist_order_reviews_dataset.csv File
2026-04-15 17:29:40,792 | INFO | Completed: Reading /opt/data/olist_order_reviews_dataset.csv File
2026-04-15 17:29:40,792 | INFO | Starting: Reading /opt/data/olist_products_dataset.csv File
2026-04-15 17:29:41,344 | INFO | Completed: Reading /opt/data/olist_products_dataset.csv File
2026-04-15 17:29:41,346 | INFO | Starting: Selecting required columns from dataframes
2026-04-15 17:29:41,414 | INFO | Completed: Selecting required columns from dataframes
2026-04-15 17:29:41,416 | INFO | Starting: Data Cleaning , Droping Nulls and Duplicates
2026-04-15 17:29:41,502 | INFO | Completed: Data Cleaning , Droping Nulls and Duplicates
2026-04-15 17:29:41,503 | INFO | Starting: Data Enrichment (JOINS)
2026-04-15 17:29:41,579 | INFO | Completed: Data Enrichment (JOINS)
2026-04-15 17:29:41,579 | INFO | Starting: Feature Engineering
2026-04-15 17:29:41,674 | INFO | Completed: Feature Engineering
2026-04-15 17:29:41,682 | INFO | Starting: Order-level aggregation 
2026-04-15 17:29:41,796 | INFO | Completed: Order-level aggregation 
2026-04-15 17:29:41,797 | INFO | Starting: Calculating Fact table
2026-04-15 17:29:41,835 | INFO | Completed: Calculating Fact table
2026-04-15 17:29:41,836 | INFO | Starting: Calculating Customer analytics
2026-04-15 17:29:41,859 | INFO | Completed: Calculating Customer analytics
2026-04-15 17:29:41,860 | INFO | Starting: Calculating Product performance
2026-04-15 17:29:41,885 | INFO | Completed: Calculating Product performance
2026-04-15 17:29:41,886 | INFO | Starting: Calculating Delivery performance
2026-04-15 17:29:41,914 | INFO | Completed: Calculating Delivery performance
2026-04-15 17:29:41,915 | INFO | Starting: Calculating Review insights
2026-04-15 17:29:41,942 | INFO | Completed: Calculating Review insights
2026-04-15 17:29:41,943 | INFO | Starting: Calculating Payment analytics
2026-04-15 17:29:41,976 | INFO | Completed: Calculating Payment analytics
2026-04-15 17:29:41,976 | INFO | Starting: Calculating Order payment breakdown
2026-04-15 17:29:41,990 | INFO | Completed: Calculating Order payment breakdown
2026-04-15 17:29:41,991 | INFO | Starting: Calculating Product category performance
2026-04-15 17:29:42,019 | INFO | Completed: Calculating Product category performance
2026-04-15 17:29:42,019 | INFO | Starting: Calculating Seller performance
2026-04-15 17:29:42,045 | INFO | Completed: Calculating Seller performance
2026-04-15 17:29:42,046 | INFO | Starting: Calculating Shipping cost analysis
2026-04-15 17:29:42,079 | INFO | Completed: Calculating Shipping cost analysis
2026-04-15 17:29:42,079 | INFO | Starting: Calculating Order fulfillment analysis
2026-04-15 17:29:42,096 | INFO | Completed: Calculating Order fulfillment analysis
2026-04-15 17:29:42,097 | INFO | Starting: Writing fact_sales_daily to MySQL
2026-04-15 17:29:49,598 | INFO | Completed: Writing fact_sales_daily to MySQL
2026-04-15 17:29:49,599 | INFO | Starting: Writing customer_analytics to MySQL
2026-04-15 17:30:00,190 | INFO | Completed: Writing customer_analytics to MySQL
2026-04-15 17:30:00,197 | INFO | Starting: Writing product_performance to MySQL
2026-04-15 17:30:12,185 | INFO | Completed: Writing product_performance to MySQL
2026-04-15 17:30:12,192 | INFO | Starting: Writing delivery_performance to MySQL
2026-04-15 17:30:23,402 | INFO | Completed: Writing delivery_performance to MySQL
2026-04-15 17:30:23,403 | INFO | Starting: Writing review_insights to MySQL
2026-04-15 17:30:25,776 | INFO | Completed: Writing review_insights to MySQL
2026-04-15 17:30:25,777 | INFO | Starting: Writing payment_analytics to MySQL
2026-04-15 17:30:28,173 | INFO | Completed: Writing payment_analytics to MySQL
2026-04-15 17:30:28,174 | INFO | Starting: Writing order_payment_breakdown to MySQL
2026-04-15 17:30:33,590 | INFO | Completed: Writing order_payment_breakdown to MySQL
2026-04-15 17:30:33,590 | INFO | Starting: Writing product_category_performance to MySQL
2026-04-15 17:30:35,420 | INFO | Completed: Writing product_category_performance to MySQL
2026-04-15 17:30:35,421 | INFO | Starting: Writing seller_performance to MySQL
2026-04-15 17:30:39,433 | INFO | Completed: Writing seller_performance to MySQL
2026-04-15 17:30:39,433 | INFO | Starting: Writing shipping_cost_analysis to MySQL
2026-04-15 17:30:41,184 | INFO | Completed: Writing shipping_cost_analysis to MySQL
2026-04-15 17:30:41,184 | INFO | Starting: Writing order_fulfillment_analysis to MySQL
2026-04-15 17:30:46,245 | INFO | Completed: Writing order_fulfillment_analysis to MySQL
2026-04-15 17:30:46,246 | INFO | Starting: Stopping Spark Session
2026-04-15 17:30:46,779 | INFO | Completed: Stopping Spark Session
