Spark Command: /usr/lib/jvm/java-17-openjdk-amd64/bin/java -cp /opt/spark/conf/:/opt/spark/jars/* -Xmx1g org.apache.spark.deploy.history.HistoryServer
========================================
Using Spark's default log4j profile: org/apache/spark/log4j2-defaults.properties
26/04/14 19:12:08 INFO HistoryServer: Started daemon with process name: 16@bb2e22fecf2c
26/04/14 19:12:08 INFO SignalUtils: Registering signal handler for TERM
26/04/14 19:12:08 INFO SignalUtils: Registering signal handler for HUP
26/04/14 19:12:08 INFO SignalUtils: Registering signal handler for INT
26/04/14 19:12:08 WARN NativeCodeLoader: Unable to load native-hadoop library for your platform... using builtin-java classes where applicable
26/04/14 19:12:08 INFO SecurityManager: Changing view acls to: root
26/04/14 19:12:08 INFO SecurityManager: Changing modify acls to: root
26/04/14 19:12:08 INFO SecurityManager: Changing view acls groups to: 
26/04/14 19:12:08 INFO SecurityManager: Changing modify acls groups to: 
26/04/14 19:12:08 INFO SecurityManager: SecurityManager: authentication disabled; ui acls disabled; users with view permissions: root; groups with view permissions: EMPTY; users with modify permissions: root; groups with modify permissions: EMPTY
26/04/14 19:12:09 INFO FsHistoryProvider: History server ui acls disabled; users with admin permissions: ; groups with admin permissions: 
26/04/14 19:12:09 INFO JettyUtils: Start Jetty 0.0.0.0:18080 for HistoryServerUI
26/04/14 19:12:09 INFO Utils: Successfully started service 'HistoryServerUI' on port 18080.
26/04/14 19:12:09 INFO HistoryServer: Bound HistoryServer to 0.0.0.0, and started at http://bb2e22fecf2c:18080
Exception in thread "main" java.io.FileNotFoundException: Log directory specified does not exist: file:/tmp/spark-events Did you configure the correct one through spark.history.fs.logDirectory?
	at org.apache.spark.deploy.history.FsHistoryProvider.startPolling(FsHistoryProvider.scala:270)
	at org.apache.spark.deploy.history.FsHistoryProvider.initialize(FsHistoryProvider.scala:215)
	at org.apache.spark.deploy.history.FsHistoryProvider.start(FsHistoryProvider.scala:396)
	at org.apache.spark.deploy.history.HistoryServer$.main(HistoryServer.scala:316)
	at org.apache.spark.deploy.history.HistoryServer.main(HistoryServer.scala)
Caused by: java.io.FileNotFoundException: File file:/tmp/spark-events does not exist
	at org.apache.hadoop.fs.RawLocalFileSystem.deprecatedGetFileStatus(RawLocalFileSystem.java:779)
	at org.apache.hadoop.fs.RawLocalFileSystem.getFileLinkStatusInternal(RawLocalFileSystem.java:1100)
	at org.apache.hadoop.fs.RawLocalFileSystem.getFileStatus(RawLocalFileSystem.java:769)
	at org.apache.hadoop.fs.FilterFileSystem.getFileStatus(FilterFileSystem.java:462)
	at org.apache.spark.deploy.history.FsHistoryProvider.startPolling(FsHistoryProvider.scala:260)
	... 4 more
