/opt/spark/bin/load-spark-env.sh: line 68: ps: command not found
Spark Command: /usr/lib/jvm/java-17-openjdk-amd64/bin/java -cp /opt/spark/conf/:/opt/spark/jars/* -Xmx1g org.apache.spark.deploy.master.Master --host spark-master --port 7077 --webui-port 8080
========================================
Using Spark's default log4j profile: org/apache/spark/log4j2-defaults.properties
26/04/15 17:10:25 INFO Master: Started daemon with process name: 15@0e58484a7b99
26/04/15 17:10:25 INFO SignalUtils: Registering signal handler for TERM
26/04/15 17:10:25 INFO SignalUtils: Registering signal handler for HUP
26/04/15 17:10:25 INFO SignalUtils: Registering signal handler for INT
26/04/15 17:10:25 WARN NativeCodeLoader: Unable to load native-hadoop library for your platform... using builtin-java classes where applicable
26/04/15 17:10:25 INFO SecurityManager: Changing view acls to: root
26/04/15 17:10:25 INFO SecurityManager: Changing modify acls to: root
26/04/15 17:10:25 INFO SecurityManager: Changing view acls groups to: 
26/04/15 17:10:25 INFO SecurityManager: Changing modify acls groups to: 
26/04/15 17:10:25 INFO SecurityManager: SecurityManager: authentication disabled; ui acls disabled; users with view permissions: root; groups with view permissions: EMPTY; users with modify permissions: root; groups with modify permissions: EMPTY
26/04/15 17:10:26 INFO Utils: Successfully started service 'sparkMaster' on port 7077.
26/04/15 17:10:26 INFO Master: Starting Spark master at spark://spark-master:7077
26/04/15 17:10:26 INFO Master: Running Spark version 3.5.0
26/04/15 17:10:26 INFO JettyUtils: Start Jetty 0.0.0.0:8080 for MasterUI
26/04/15 17:10:26 INFO Utils: Successfully started service 'MasterUI' on port 8080.
26/04/15 17:10:26 INFO MasterWebUI: Bound MasterWebUI to 0.0.0.0, and started at http://0e58484a7b99:8080
26/04/15 17:10:26 INFO Master: I have been elected leader! New state: ALIVE
26/04/15 17:10:26 INFO Master: Registering worker 172.18.0.3:43493 with 20 cores, 6.6 GiB RAM
26/04/15 17:11:15 INFO Master: Registering app ecomairflowspark
26/04/15 17:11:15 INFO Master: Registered app ecomairflowspark with ID app-20260415171115-0000
26/04/15 17:11:15 INFO Master: Start scheduling for app app-20260415171115-0000 with rpId: 0
26/04/15 17:11:15 INFO Master: Launching executor app-20260415171115-0000/0 on worker worker-20260415171026-172.18.0.3-43493
26/04/15 17:11:15 INFO Master: Start scheduling for app app-20260415171115-0000 with rpId: 0
26/04/15 17:11:30 INFO Master: Received unregister request from application app-20260415171115-0000
26/04/15 17:11:30 INFO Master: Removing app app-20260415171115-0000
26/04/15 17:11:30 INFO Master: 172.18.0.8:43444 got disassociated, removing it.
26/04/15 17:11:30 INFO Master: 487ebfae1511:37197 got disassociated, removing it.
26/04/15 17:11:30 WARN Master: Got status update for unknown executor app-20260415171115-0000/0
26/04/15 17:13:22 INFO Master: Registering app ecomairflowspark
26/04/15 17:13:22 INFO Master: Registered app ecomairflowspark with ID app-20260415171322-0001
26/04/15 17:13:22 INFO Master: Start scheduling for app app-20260415171322-0001 with rpId: 0
26/04/15 17:13:22 INFO Master: Launching executor app-20260415171322-0001/0 on worker worker-20260415171026-172.18.0.3-43493
26/04/15 17:13:22 INFO Master: Start scheduling for app app-20260415171322-0001 with rpId: 0
26/04/15 17:13:39 INFO Master: Received unregister request from application app-20260415171322-0001
26/04/15 17:13:39 INFO Master: Removing app app-20260415171322-0001
26/04/15 17:13:39 INFO Master: 172.18.0.8:50844 got disassociated, removing it.
26/04/15 17:13:39 INFO Master: 487ebfae1511:36729 got disassociated, removing it.
26/04/15 17:13:39 WARN Master: Got status update for unknown executor app-20260415171322-0001/0
26/04/15 17:19:21 INFO Master: Registering app ecomairflowspark
26/04/15 17:19:21 INFO Master: Registered app ecomairflowspark with ID app-20260415171921-0002
26/04/15 17:19:21 INFO Master: Start scheduling for app app-20260415171921-0002 with rpId: 0
26/04/15 17:19:21 INFO Master: Launching executor app-20260415171921-0002/0 on worker worker-20260415171026-172.18.0.3-43493
26/04/15 17:19:21 INFO Master: Start scheduling for app app-20260415171921-0002 with rpId: 0
26/04/15 17:19:31 INFO Master: Received unregister request from application app-20260415171921-0002
26/04/15 17:19:31 INFO Master: Removing app app-20260415171921-0002
26/04/15 17:19:31 INFO Master: 172.18.0.8:41770 got disassociated, removing it.
26/04/15 17:19:31 INFO Master: 487ebfae1511:38451 got disassociated, removing it.
26/04/15 17:19:31 WARN Master: Got status update for unknown executor app-20260415171921-0002/0
