Spark Command: /usr/lib/jvm/java-17-openjdk-amd64/bin/java -cp /opt/spark/conf/:/opt/spark/jars/* -Xmx1g org.apache.spark.deploy.worker.Worker --webui-port 8081 spark://spark-master:7077
========================================
Using Spark's default log4j profile: org/apache/spark/log4j2-defaults.properties
26/04/14 16:06:23 INFO Worker: Started daemon with process name: 17@33fb351eb202
26/04/14 16:06:23 INFO SignalUtils: Registering signal handler for TERM
26/04/14 16:06:23 INFO SignalUtils: Registering signal handler for HUP
26/04/14 16:06:23 INFO SignalUtils: Registering signal handler for INT
26/04/14 16:06:23 WARN NativeCodeLoader: Unable to load native-hadoop library for your platform... using builtin-java classes where applicable
26/04/14 16:06:23 INFO SecurityManager: Changing view acls to: root
26/04/14 16:06:23 INFO SecurityManager: Changing modify acls to: root
26/04/14 16:06:23 INFO SecurityManager: Changing view acls groups to: 
26/04/14 16:06:23 INFO SecurityManager: Changing modify acls groups to: 
26/04/14 16:06:23 INFO SecurityManager: SecurityManager: authentication disabled; ui acls disabled; users with view permissions: root; groups with view permissions: EMPTY; users with modify permissions: root; groups with modify permissions: EMPTY
26/04/14 16:06:24 INFO Utils: Successfully started service 'sparkWorker' on port 33745.
26/04/14 16:06:24 INFO Worker: Worker decommissioning not enabled.
26/04/14 16:06:24 INFO Worker: Starting Spark worker 172.20.0.6:33745 with 20 cores, 6.6 GiB RAM
26/04/14 16:06:24 INFO Worker: Running Spark version 3.5.8
26/04/14 16:06:24 INFO Worker: Spark home: /opt/spark
26/04/14 16:06:24 INFO ResourceUtils: ==============================================================
26/04/14 16:06:24 INFO ResourceUtils: No custom resources configured for spark.worker.
26/04/14 16:06:24 INFO ResourceUtils: ==============================================================
26/04/14 16:06:24 INFO JettyUtils: Start Jetty 0.0.0.0:8081 for WorkerUI
26/04/14 16:06:24 INFO Utils: Successfully started service 'WorkerUI' on port 8081.
26/04/14 16:06:24 INFO WorkerWebUI: Bound WorkerWebUI to 0.0.0.0, and started at http://33fb351eb202:8081
26/04/14 16:06:24 INFO Worker: Connecting to master spark-master:7077...
26/04/14 16:06:24 INFO TransportClientFactory: Successfully created connection to spark-master/172.20.0.7:7077 after 32 ms (0 ms spent in bootstraps)
26/04/14 16:06:24 INFO Worker: Successfully registered with master spark://spark-master:7077
