Spark Command: /usr/lib/jvm/java-17-openjdk-amd64/bin/java -cp /opt/spark/conf/:/opt/spark/jars/* -Xmx1g org.apache.spark.deploy.worker.Worker --webui-port 8081 spark://spark-master:7077
========================================
Using Spark's default log4j profile: org/apache/spark/log4j2-defaults.properties
26/04/13 18:52:46 INFO Worker: Started daemon with process name: 17@799582e99e5b
26/04/13 18:52:46 INFO SignalUtils: Registering signal handler for TERM
26/04/13 18:52:46 INFO SignalUtils: Registering signal handler for HUP
26/04/13 18:52:46 INFO SignalUtils: Registering signal handler for INT
26/04/13 18:52:46 WARN NativeCodeLoader: Unable to load native-hadoop library for your platform... using builtin-java classes where applicable
26/04/13 18:52:47 INFO SecurityManager: Changing view acls to: root
26/04/13 18:52:47 INFO SecurityManager: Changing modify acls to: root
26/04/13 18:52:47 INFO SecurityManager: Changing view acls groups to: 
26/04/13 18:52:47 INFO SecurityManager: Changing modify acls groups to: 
26/04/13 18:52:47 INFO SecurityManager: SecurityManager: authentication disabled; ui acls disabled; users with view permissions: root; groups with view permissions: EMPTY; users with modify permissions: root; groups with modify permissions: EMPTY
26/04/13 18:52:47 INFO Utils: Successfully started service 'sparkWorker' on port 41801.
26/04/13 18:52:47 INFO Worker: Worker decommissioning not enabled.
26/04/13 18:52:47 INFO Worker: Starting Spark worker 172.20.0.4:41801 with 20 cores, 6.6 GiB RAM
26/04/13 18:52:47 INFO Worker: Running Spark version 3.5.8
26/04/13 18:52:47 INFO Worker: Spark home: /opt/spark
26/04/13 18:52:47 INFO ResourceUtils: ==============================================================
26/04/13 18:52:47 INFO ResourceUtils: No custom resources configured for spark.worker.
26/04/13 18:52:47 INFO ResourceUtils: ==============================================================
26/04/13 18:52:47 INFO JettyUtils: Start Jetty 0.0.0.0:8081 for WorkerUI
26/04/13 18:52:47 INFO Utils: Successfully started service 'WorkerUI' on port 8081.
26/04/13 18:52:48 INFO WorkerWebUI: Bound WorkerWebUI to 0.0.0.0, and started at http://799582e99e5b:8081
26/04/13 18:52:48 INFO Worker: Connecting to master spark-master:7077...
26/04/13 18:52:48 INFO TransportClientFactory: Successfully created connection to spark-master/172.20.0.2:7077 after 26 ms (0 ms spent in bootstraps)
26/04/13 18:52:48 INFO Worker: Successfully registered with master spark://spark-master:7077
