Spark Command: /usr/lib/jvm/java-17-openjdk-amd64/bin/java -cp /opt/spark/conf/:/opt/spark/jars/* -Xmx1g org.apache.spark.deploy.worker.Worker --webui-port 8081 spark://spark-master:7077
========================================
Using Spark's default log4j profile: org/apache/spark/log4j2-defaults.properties
26/04/14 19:12:08 INFO Worker: Started daemon with process name: 17@aad661de8d50
26/04/14 19:12:08 INFO SignalUtils: Registering signal handler for TERM
26/04/14 19:12:08 INFO SignalUtils: Registering signal handler for HUP
26/04/14 19:12:08 INFO SignalUtils: Registering signal handler for INT
26/04/14 19:12:09 WARN NativeCodeLoader: Unable to load native-hadoop library for your platform... using builtin-java classes where applicable
26/04/14 19:12:09 INFO SecurityManager: Changing view acls to: root
26/04/14 19:12:09 INFO SecurityManager: Changing modify acls to: root
26/04/14 19:12:09 INFO SecurityManager: Changing view acls groups to: 
26/04/14 19:12:09 INFO SecurityManager: Changing modify acls groups to: 
26/04/14 19:12:09 INFO SecurityManager: SecurityManager: authentication disabled; ui acls disabled; users with view permissions: root; groups with view permissions: EMPTY; users with modify permissions: root; groups with modify permissions: EMPTY
26/04/14 19:12:09 INFO Utils: Successfully started service 'sparkWorker' on port 44569.
26/04/14 19:12:09 INFO Worker: Worker decommissioning not enabled.
26/04/14 19:12:09 INFO Worker: Starting Spark worker 172.18.0.7:44569 with 20 cores, 6.6 GiB RAM
26/04/14 19:12:09 INFO Worker: Running Spark version 3.5.8
26/04/14 19:12:09 INFO Worker: Spark home: /opt/spark
26/04/14 19:12:09 INFO ResourceUtils: ==============================================================
26/04/14 19:12:09 INFO ResourceUtils: No custom resources configured for spark.worker.
26/04/14 19:12:09 INFO ResourceUtils: ==============================================================
26/04/14 19:12:09 INFO JettyUtils: Start Jetty 0.0.0.0:8081 for WorkerUI
26/04/14 19:12:09 INFO Utils: Successfully started service 'WorkerUI' on port 8081.
26/04/14 19:12:09 INFO WorkerWebUI: Bound WorkerWebUI to 0.0.0.0, and started at http://aad661de8d50:8081
26/04/14 19:12:09 INFO Worker: Connecting to master spark-master:7077...
26/04/14 19:12:09 INFO TransportClientFactory: Successfully created connection to spark-master/172.18.0.6:7077 after 22 ms (0 ms spent in bootstraps)
26/04/14 19:12:10 INFO Worker: Successfully registered with master spark://spark-master:7077
26/04/14 19:12:45 INFO Worker: Asked to launch executor app-20260414191245-0000/0 for ecomairflowspark
26/04/14 19:12:45 INFO SecurityManager: Changing view acls to: root
26/04/14 19:12:45 INFO SecurityManager: Changing modify acls to: root
26/04/14 19:12:45 INFO SecurityManager: Changing view acls groups to: 
26/04/14 19:12:45 INFO SecurityManager: Changing modify acls groups to: 
26/04/14 19:12:45 INFO SecurityManager: SecurityManager: authentication disabled; ui acls disabled; users with view permissions: root; groups with view permissions: EMPTY; users with modify permissions: root; groups with modify permissions: EMPTY
26/04/14 19:12:45 INFO ExecutorRunner: Launch command: "/usr/lib/jvm/java-17-openjdk-amd64/bin/java" "-cp" "/opt/spark/conf/:/opt/spark/jars/*" "-Xmx1024M" "-Dspark.driver.port=43635" "-Djava.net.preferIPv6Addresses=false" "-XX:+IgnoreUnrecognizedVMOptions" "--add-opens=java.base/java.lang=ALL-UNNAMED" "--add-opens=java.base/java.lang.invoke=ALL-UNNAMED" "--add-opens=java.base/java.lang.reflect=ALL-UNNAMED" "--add-opens=java.base/java.io=ALL-UNNAMED" "--add-opens=java.base/java.net=ALL-UNNAMED" "--add-opens=java.base/java.nio=ALL-UNNAMED" "--add-opens=java.base/java.util=ALL-UNNAMED" "--add-opens=java.base/java.util.concurrent=ALL-UNNAMED" "--add-opens=java.base/java.util.concurrent.atomic=ALL-UNNAMED" "--add-opens=java.base/sun.nio.ch=ALL-UNNAMED" "--add-opens=java.base/sun.nio.cs=ALL-UNNAMED" "--add-opens=java.base/sun.security.action=ALL-UNNAMED" "--add-opens=java.base/sun.util.calendar=ALL-UNNAMED" "--add-opens=java.security.jgss/sun.security.krb5=ALL-UNNAMED" "-Djdk.reflect.useDirectMethodHandle=false" "org.apache.spark.executor.CoarseGrainedExecutorBackend" "--driver-url" "spark://CoarseGrainedScheduler@1b21cd47eb1b:43635" "--executor-id" "0" "--hostname" "172.18.0.7" "--cores" "20" "--app-id" "app-20260414191245-0000" "--worker-url" "spark://Worker@172.18.0.7:44569" "--resourceProfileId" "0"
26/04/14 19:12:49 INFO Worker: Asked to kill executor app-20260414191245-0000/0
26/04/14 19:12:49 INFO ExecutorRunner: Runner thread for executor app-20260414191245-0000/0 interrupted
26/04/14 19:12:49 INFO ExecutorRunner: Killing process!
26/04/14 19:12:49 INFO Worker: Executor app-20260414191245-0000/0 finished with state KILLED exitStatus 0
26/04/14 19:12:49 INFO ExternalShuffleBlockResolver: Clean up non-shuffle and non-RDD files associated with the finished executor 0
26/04/14 19:12:49 INFO ExternalShuffleBlockResolver: Executor is not registered (appId=app-20260414191245-0000, execId=0)
26/04/14 19:12:49 INFO ExternalShuffleBlockResolver: Application app-20260414191245-0000 removed, cleanupLocalDirs = true
26/04/14 19:12:49 INFO Worker: Cleaning up local directories for application app-20260414191245-0000
